<?xml version="1.0" encoding="UTF-8"?>
<testsuite xmlns:xsi="http://www.w3.org/2001/XMLSchema-instance" xsi:noNamespaceSchemaLocation="https://maven.apache.org/surefire/maven-surefire-plugin/xsd/surefire-test-report.xsd" name="clientemu.CourseRegistryStandardTest" time="0" tests="3" errors="0" skipped="0" failures="0">
  <properties>
    <property name="sun.desktop" value="windows"/>
    <property name="awt.toolkit" value="sun.awt.windows.WToolkit"/>
    <property name="file.encoding.pkg" value="sun.io"/>
    <property name="java.specification.version" value="1.8"/>
    <property name="sun.cpu.isalist" value=""/>
    <property name="sun.jnu.encoding" value="Cp1252"/>
    <property name="java.class.path" value="C:\Users\joels\OneDrive\Oswego\Fall 2023\CSC375\ClientEmulator-JS\clientemulator\target\test-classes;C:\Users\joels\OneDrive\Oswego\Fall 2023\CSC375\ClientEmulator-JS\clientemulator\target\classes;C:\Users\joels\.m2\repository\org\openjdk\jmh\jmh-core\1.21\jmh-core-1.21.jar;C:\Users\joels\.m2\repository\net\sf\jopt-simple\jopt-simple\4.6\jopt-simple-4.6.jar;C:\Users\joels\.m2\repository\org\apache\commons\commons-math3\3.2\commons-math3-3.2.jar;C:\Users\joels\.m2\repository\org\openjdk\jmh\jmh-generator-annprocess\1.21\jmh-generator-annprocess-1.21.jar;C:\Users\joels\.m2\repository\junit\junit\4.13.2\junit-4.13.2.jar;C:\Users\joels\.m2\repository\org\hamcrest\hamcrest-core\1.3\hamcrest-core-1.3.jar;"/>
    <property name="java.vm.vendor" value="Temurin"/>
    <property name="sun.arch.data.model" value="32"/>
    <property name="user.variant" value=""/>
    <property name="java.vendor.url" value="https://adoptium.net/"/>
    <property name="user.timezone" value="America/New_York"/>
    <property name="java.vm.specification.version" value="1.8"/>
    <property name="os.name" value="Windows 11"/>
    <property name="user.country" value="US"/>
    <property name="sun.java.launcher" value="SUN_STANDARD"/>
    <property name="sun.boot.library.path" value="C:\Program Files (x86)\Eclipse Adoptium\jdk-8.0.382.5-hotspot\jre\bin"/>
    <property name="sun.java.command" value="C:\Users\joels\AppData\Local\Temp\surefire7545196142330513794\surefirebooter8481272368437709393.jar C:\Users\joels\AppData\Local\Temp\surefire7545196142330513794 2023-11-05T23-13-49_439-jvmRun1 surefire1401477159338205908tmp surefire_07937610372454134180tmp"/>
    <property name="surefire.test.class.path" value="C:\Users\joels\OneDrive\Oswego\Fall 2023\CSC375\ClientEmulator-JS\clientemulator\target\test-classes;C:\Users\joels\OneDrive\Oswego\Fall 2023\CSC375\ClientEmulator-JS\clientemulator\target\classes;C:\Users\joels\.m2\repository\org\openjdk\jmh\jmh-core\1.21\jmh-core-1.21.jar;C:\Users\joels\.m2\repository\net\sf\jopt-simple\jopt-simple\4.6\jopt-simple-4.6.jar;C:\Users\joels\.m2\repository\org\apache\commons\commons-math3\3.2\commons-math3-3.2.jar;C:\Users\joels\.m2\repository\org\openjdk\jmh\jmh-generator-annprocess\1.21\jmh-generator-annprocess-1.21.jar;C:\Users\joels\.m2\repository\junit\junit\4.13.2\junit-4.13.2.jar;C:\Users\joels\.m2\repository\org\hamcrest\hamcrest-core\1.3\hamcrest-core-1.3.jar;"/>
    <property name="sun.cpu.endian" value="little"/>
    <property name="user.home" value="C:\Users\joels"/>
    <property name="user.language" value="en"/>
    <property name="java.specification.vendor" value="Oracle Corporation"/>
    <property name="java.home" value="C:\Program Files (x86)\Eclipse Adoptium\jdk-8.0.382.5-hotspot\jre"/>
    <property name="basedir" value="C:\Users\joels\OneDrive\Oswego\Fall 2023\CSC375\ClientEmulator-JS\clientemulator"/>
    <property name="file.separator" value="\"/>
    <property name="line.separator" value="&#10;"/>
    <property name="java.vm.specification.vendor" value="Oracle Corporation"/>
    <property name="java.specification.name" value="Java Platform API Specification"/>
    <property name="java.awt.graphicsenv" value="sun.awt.Win32GraphicsEnvironment"/>
    <property name="surefire.real.class.path" value="C:\Users\joels\AppData\Local\Temp\surefire7545196142330513794\surefirebooter8481272368437709393.jar"/>
    <property name="sun.boot.class.path" value="C:\Program Files (x86)\Eclipse Adoptium\jdk-8.0.382.5-hotspot\jre\lib\resources.jar;C:\Program Files (x86)\Eclipse Adoptium\jdk-8.0.382.5-hotspot\jre\lib\rt.jar;C:\Program Files (x86)\Eclipse Adoptium\jdk-8.0.382.5-hotspot\jre\lib\sunrsasign.jar;C:\Program Files (x86)\Eclipse Adoptium\jdk-8.0.382.5-hotspot\jre\lib\jsse.jar;C:\Program Files (x86)\Eclipse Adoptium\jdk-8.0.382.5-hotspot\jre\lib\jce.jar;C:\Program Files (x86)\Eclipse Adoptium\jdk-8.0.382.5-hotspot\jre\lib\charsets.jar;C:\Program Files (x86)\Eclipse Adoptium\jdk-8.0.382.5-hotspot\jre\lib\jfr.jar;C:\Program Files (x86)\Eclipse Adoptium\jdk-8.0.382.5-hotspot\jre\classes"/>
    <property name="user.script" value=""/>
    <property name="sun.management.compiler" value="HotSpot Client Compiler"/>
    <property name="java.runtime.version" value="1.8.0_382-b05"/>
    <property name="user.name" value="joels"/>
    <property name="path.separator" value=";"/>
    <property name="os.version" value="10.0"/>
    <property name="java.endorsed.dirs" value="C:\Program Files (x86)\Eclipse Adoptium\jdk-8.0.382.5-hotspot\jre\lib\endorsed"/>
    <property name="java.runtime.name" value="OpenJDK Runtime Environment"/>
    <property name="file.encoding" value="Cp1252"/>
    <property name="java.vm.name" value="OpenJDK Client VM"/>
    <property name="localRepository" value="C:\Users\joels\.m2\repository"/>
    <property name="java.vendor.url.bug" value="https://github.com/adoptium/adoptium-support/issues"/>
    <property name="java.io.tmpdir" value="C:\Users\joels\AppData\Local\Temp\"/>
    <property name="java.version" value="1.8.0_382"/>
    <property name="user.dir" value="C:\Users\joels\OneDrive\Oswego\Fall 2023\CSC375\ClientEmulator-JS\clientemulator"/>
    <property name="os.arch" value="x86"/>
    <property name="java.vm.specification.name" value="Java Virtual Machine Specification"/>
    <property name="java.awt.printerjob" value="sun.awt.windows.WPrinterJob"/>
    <property name="sun.os.patch.level" value=""/>
    <property name="java.library.path" value="C:\Program Files (x86)\Eclipse Adoptium\jdk-8.0.382.5-hotspot\jre\bin;C:\Windows\Sun\Java\bin;C:\Windows\system32;C:\Windows;C:\Program Files\PowerShell\7;C:\Program Files (x86)\Common Files\Oracle\Java\javapath;C:\Python311\Scripts\;C:\Python311\;C:\Program Files\Eclipse Adoptium\jdk-11.0.20.8-hotspot\bin;C:\Program Files\Eclipse Adoptium\jdk-17.0.8.7-hotspot\bin;C:\Program Files (x86)\Eclipse Adoptium\jdk-8.0.382.5-hotspot\bin;C:\Program Files\Eclipse Adoptium\jdk-8.0.382.5-hotspot\bin;C:\Windows\system32;C:\Windows;C:\Windows\System32\Wbem;C:\Windows\System32\WindowsPowerShell\v1.0\;C:\Windows\System32\OpenSSH\;C:\Program Files\NVIDIA Corporation\NVIDIA NvDLISR;C:\Program Files\Microsoft VS Code\bin;C:\Program Files (x86)\NVIDIA Corporation\PhysX\Common;C:\Program Files\apache-maven-3.9.4\bin;C:\Program Files\nodejs\;C:\ProgramData\chocolatey\bin;C:\Program Files\PowerShell\7\;C:\Users\joels\AppData\Local\Microsoft\WindowsApps;C:\Program Files\apache-maven-3.9.4\bin;C:\Users\joels\AppData\Roaming\npm;."/>
    <property name="java.vm.info" value="mixed mode"/>
    <property name="java.vendor" value="Temurin"/>
    <property name="java.vm.version" value="25.382-b05"/>
    <property name="java.specification.maintenance.version" value="5"/>
    <property name="java.ext.dirs" value="C:\Program Files (x86)\Eclipse Adoptium\jdk-8.0.382.5-hotspot\jre\lib\ext;C:\Windows\Sun\Java\lib\ext"/>
    <property name="sun.io.unicode.encoding" value="UnicodeLittle"/>
    <property name="java.class.version" value="52.0"/>
  </properties>
  <testcase name="testUpdateCourse" classname="clientemu.CourseRegistryStandardTest" time="0"/>
  <testcase name="testRemoveCourse" classname="clientemu.CourseRegistryStandardTest" time="0"/>
  <testcase name="testAddGetCourse" classname="clientemu.CourseRegistryStandardTest" time="0"/>
</testsuite>